<?xml version="1.0" encoding="UTF-8"?>
<!-- Generated by org.testng.reporters.JUnitXMLReporter -->
<testsuite ignored="0" hostname="DESKTOP-T2MM1GM" failures="0" tests="1" name="Test-ff" time="0.014" errors="0" timestamp="2023-07-15T20:47:03 IST">
  <testcase classname="com.amazon.e2e.Signup" name="signup" time="0.004"/>
</testsuite> <!-- Test-ff -->
