<?xml version="1.0" encoding="UTF-8"?>
<!-- Generated by org.testng.reporters.JUnitReportReporter -->
<testsuite hostname="DESKTOP-T2MM1GM" failures="0" tests="2" name="MyAmazonProject.DataProviderFlow" time="0.017" errors="0" timestamp="2023-07-16T10:37:13 IST" skipped="0">
  <testcase classname="MyAmazonProject.DataProviderFlow" name="signUp" time="0.004"/>
  <system-out/>
  <testcase classname="MyAmazonProject.DataProviderFlow" name="signUp" time="0.013"/>
  <system-out/>
</testsuite> <!-- MyAmazonProject.DataProviderFlow -->
