<?xml version="1.0" encoding="UTF-8"?>
<!-- Generated by org.testng.reporters.JUnitReportReporter -->
<testsuite hostname="DESKTOP-T2MM1GM" failures="0" tests="1" name="MyAmazonProject.AmazonShopping" time="65.891" errors="0" timestamp="2023-09-29T17:23:03 IST" skipped="0">
  <testcase classname="MyAmazonProject.AmazonShopping" name="amazon" time="65.891"/>
  <system-out/>
</testsuite> <!-- MyAmazonProject.AmazonShopping -->
