<?xml version="1.0" encoding="UTF-8"?>
<!-- Generated by org.testng.reporters.JUnitReportReporter -->
<testsuite hostname="DESKTOP-T2MM1GM" failures="0" tests="1" name="com.newMethods.TestActions" time="2.738" errors="0" timestamp="2023-08-31T17:32:44 IST" skipped="0">
  <testcase classname="com.newMethods.TestActions" name="testdropable" time="2.738"/>
  <system-out/>
</testsuite> <!-- com.newMethods.TestActions -->
