<?xml version="1.0" encoding="UTF-8"?>
<!-- Generated by org.testng.reporters.JUnitReportReporter -->
<testsuite hostname="DESKTOP-T2MM1GM" failures="0" tests="1" name="com.newMethods.SelectTest" time="0.354" errors="0" timestamp="2024-04-24T21:42:13 IST" skipped="0">
  <testcase classname="com.newMethods.SelectTest" name="testSelectOption" time="0.354"/>
</testsuite> <!-- com.newMethods.SelectTest -->
