<?xml version="1.0" encoding="UTF-8"?>
<!-- Generated by org.testng.reporters.JUnitReportReporter -->
<testsuite hostname="DESKTOP-T2MM1GM" failures="0" tests="1" name="com.flipkart.e2e.LoginFlow" time="0.001" errors="0" timestamp="2023-05-19T12:34:48 IST" skipped="0">
  <testcase classname="com.flipkart.e2e.LoginFlow" name="login" time="0.001"/>
  <system-out/>
</testsuite> <!-- com.flipkart.e2e.LoginFlow -->
