<?xml version="1.0" encoding="UTF-8"?>
<!-- Generated by org.testng.reporters.JUnitReportReporter -->
<testsuite hostname="DESKTOP-T2MM1GM" failures="0" tests="3" name="com.flipkart.e2e.SignupFlow" time="0.009" errors="0" timestamp="2023-08-11T09:36:11 IST" skipped="0">
  <testcase classname="com.flipkart.e2e.SignupFlow" name="signup" time="0.007"/>
  <system-out/>
  <testcase classname="com.flipkart.e2e.SignupFlow" name="signup" time="0.001"/>
  <system-out/>
  <testcase classname="com.flipkart.e2e.SignupFlow" name="signup" time="0.001"/>
  <system-out/>
</testsuite> <!-- com.flipkart.e2e.SignupFlow -->
