<?xml version="1.0" encoding="UTF-8"?>
<!-- Generated by org.testng.reporters.JUnitReportReporter -->
<testsuite hostname="DESKTOP-T2MM1GM" failures="0" tests="12" name="com.flipkart.e2e.Mobiles" time="0.020" errors="0" timestamp="2023-08-11T09:35:08 IST" skipped="0">
  <testcase classname="com.flipkart.e2e.Mobiles" name="checkout" time="0.009"/>
  <system-out/>
  <testcase classname="com.flipkart.e2e.Mobiles" name="Singup" time="0.001"/>
  <system-out/>
  <testcase classname="com.flipkart.e2e.Mobiles" name="signIn" time="0.001"/>
  <system-out/>
  <testcase classname="com.flipkart.e2e.Mobiles" name="searchProducts" time="0.002"/>
  <system-out/>
  <testcase classname="com.flipkart.e2e.Mobiles" name="apple14ProMax" time="0.001"/>
  <system-out/>
  <testcase classname="com.flipkart.e2e.Mobiles" name="addToCart" time="0.001"/>
  <system-out/>
  <testcase classname="com.flipkart.e2e.Mobiles" name="addShippingDetails" time="0.001"/>
  <system-out/>
  <testcase classname="com.flipkart.e2e.Mobiles" name="makePayment" time="0.000"/>
  <system-out/>
  <testcase classname="com.flipkart.e2e.Mobiles" name="orderPlaced" time="0.001"/>
  <system-out/>
  <testcase classname="com.flipkart.e2e.Mobiles" name="returnOrder" time="0.001"/>
  <system-out/>
  <testcase classname="com.flipkart.e2e.Mobiles" name="replaceOrder" time="0.001"/>
  <system-out/>
  <testcase classname="com.flipkart.e2e.Mobiles" name="custumerFeedback" time="0.001"/>
  <system-out/>
</testsuite> <!-- com.flipkart.e2e.Mobiles -->
