<?xml version="1.0" encoding="UTF-8"?>
<!-- Generated by org.testng.reporters.JUnitReportReporter -->
<testsuite hostname="DESKTOP-T2MM1GM" failures="0" tests="1" name="MakeMyTrip.BookTicket" time="8.398" errors="0" timestamp="2023-08-22T17:41:18 IST" skipped="0">
  <testcase classname="MakeMyTrip.BookTicket" name="travel" time="8.398"/>
  <system-out/>
</testsuite> <!-- MakeMyTrip.BookTicket -->
