<?xml version="1.0" encoding="UTF-8"?>
<!-- Generated by org.testng.reporters.JUnitReportReporter -->
<testsuite hostname="DESKTOP-T2MM1GM" failures="0" tests="1" name="com.newMethods.First_class" time="7.629" errors="0" timestamp="2023-08-16T11:56:34 IST" skipped="0">
  <testcase classname="com.newMethods.First_class" name="DynamicTable" time="7.629"/>
  <system-out/>
</testsuite> <!-- com.newMethods.First_class -->
