<?xml version="1.0" encoding="UTF-8"?>
<!-- Generated by org.testng.reporters.JUnitReportReporter -->
<testsuite hostname="DESKTOP-T2MM1GM" failures="0" tests="1" name="com.newMethods.ScrollActions" time="32.863" errors="0" timestamp="2023-06-21T20:10:43 IST" skipped="0">
  <testcase classname="com.newMethods.ScrollActions" name="workHard" time="32.863"/>
  <system-out/>
</testsuite> <!-- com.newMethods.ScrollActions -->
