<?xml version="1.0" encoding="UTF-8"?>
<!-- Generated by org.testng.reporters.JUnitReportReporter -->
<testsuite hostname="DESKTOP-T2MM1GM" failures="0" tests="2" name="com.google.search.LoginPage_2" time="0.014" errors="0" timestamp="2023-09-26T10:16:23 IST" skipped="0">
  <testcase classname="com.google.search.LoginPage_2" name="login" time="0.002"/>
  <system-out/>
  <testcase classname="com.google.search.LoginPage_2" name="login" time="0.012"/>
  <system-out/>
</testsuite> <!-- com.google.search.LoginPage_2 -->
