<?xml version="1.0" encoding="UTF-8"?>
<!-- Generated by org.testng.reporters.JUnitReportReporter -->
<testsuite hostname="DESKTOP-T2MM1GM" failures="0" tests="1" name="com.newMethods.LearningClass_2" time="24.070" errors="0" timestamp="2023-05-15T22:03:14 IST" skipped="0">
  <testcase classname="com.newMethods.LearningClass_2" name="workHard" time="24.070"/>
  <system-out/>
</testsuite> <!-- com.newMethods.LearningClass_2 -->
