<?xml version="1.0" encoding="UTF-8"?>
<!-- Generated by org.testng.reporters.JUnitReportReporter -->
<testsuite hostname="DESKTOP-T2MM1GM" failures="0" tests="1" name="com.newMethods.TestChromeOptions" time="3.815" errors="0" timestamp="2023-07-12T21:11:01 IST" skipped="0">
  <testcase classname="com.newMethods.TestChromeOptions" name="priceRangeSlider" time="3.815"/>
  <system-out/>
</testsuite> <!-- com.newMethods.TestChromeOptions -->
