<?xml version="1.0" encoding="UTF-8"?>
<!-- Generated by org.testng.reporters.JUnitReportReporter -->
<testsuite hostname="DESKTOP-T2MM1GM" failures="0" tests="2" name="com.amazon.e2e.Signup" time="0.015" errors="0" timestamp="2023-07-15T20:47:03 IST" skipped="0">
  <testcase classname="com.amazon.e2e.Signup" name="signup" time="0.004"/>
  <system-out/>
  <testcase classname="com.amazon.e2e.Signup" name="signup" time="0.011"/>
  <system-out/>
</testsuite> <!-- com.amazon.e2e.Signup -->
