<?xml version="1.0" encoding="UTF-8"?>
<!-- Generated by org.testng.reporters.JUnitReportReporter -->
<testsuite hostname="DESKTOP-T2MM1GM" failures="0" tests="12" name="com.flipkart.e2e.SneakersForMens" time="0.026" errors="0" timestamp="2023-05-19T12:34:48 IST" skipped="0">
  <testcase classname="com.flipkart.e2e.SneakersForMens" name="signUp" time="0.011"/>
  <system-out/>
  <testcase classname="com.flipkart.e2e.SneakersForMens" name="signIn" time="0.002"/>
  <system-out/>
  <testcase classname="com.flipkart.e2e.SneakersForMens" name="searchProducts" time="0.002"/>
  <system-out/>
  <testcase classname="com.flipkart.e2e.SneakersForMens" name="sneakersForMens" time="0.001"/>
  <system-out/>
  <testcase classname="com.flipkart.e2e.SneakersForMens" name="addToCart" time="0.001"/>
  <system-out/>
  <testcase classname="com.flipkart.e2e.SneakersForMens" name="addShippingDetails" time="0.003"/>
  <system-out/>
  <testcase classname="com.flipkart.e2e.SneakersForMens" name="makePayment" time="0.001"/>
  <system-out/>
  <testcase classname="com.flipkart.e2e.SneakersForMens" name="orderPlaced" time="0.001"/>
  <system-out/>
  <testcase classname="com.flipkart.e2e.SneakersForMens" name="returnOrder" time="0.002"/>
  <system-out/>
  <testcase classname="com.flipkart.e2e.SneakersForMens" name="replaceOrder" time="0.001"/>
  <system-out/>
  <testcase classname="com.flipkart.e2e.SneakersForMens" name="makePaymentAgain" time="0.001"/>
  <system-out/>
  <testcase classname="com.flipkart.e2e.SneakersForMens" name="custumerFeedback" time="0.000"/>
  <system-out/>
</testsuite> <!-- com.flipkart.e2e.SneakersForMens -->
