<?xml version="1.0" encoding="UTF-8"?>
<!-- Generated by org.testng.reporters.JUnitReportReporter -->
<testsuite hostname="DESKTOP-T2MM1GM" failures="0" tests="1" name="com.newMethods.NewTest" time="0.012" errors="0" timestamp="2023-05-11T16:41:18 IST" skipped="0">
  <testcase classname="com.newMethods.NewTest" name="f" time="0.012"/>
  <system-out/>
</testsuite> <!-- com.newMethods.NewTest -->
