<?xml version="1.0" encoding="UTF-8"?>
<!-- Generated by org.testng.reporters.JUnitReportReporter -->
<testsuite hostname="DESKTOP-T2MM1GM" failures="0" tests="1" name="com.newMethods.BrokenUrl" time="143.462" errors="0" timestamp="2023-05-07T21:57:29 IST" skipped="0">
  <testcase classname="com.newMethods.BrokenUrl" name="testBrokenUrl" time="143.462"/>
  <system-out/>
</testsuite> <!-- com.newMethods.BrokenUrl -->
